<?xml version="1.0" encoding="UTF-8"?>
<!-- Generated by org.testng.reporters.JUnitReportReporter -->
<testsuite hostname="Vj" failures="0" tests="1" name="automation_challenge.Test_2" time="0.115" errors="0" timestamp="2024-07-03T15:09:59 IST" skipped="0">
  <testcase classname="automation_challenge.Test_2" name="test_2" time="0.115"/>
  <system-out>
    <![CDATA[Three values present in the listgroup
Second list item value is List Item 2
Second list item's badge value is 6]]>
  </system-out>
</testsuite> <!-- automation_challenge.Test_2 -->
