<?xml version="1.0" encoding="UTF-8"?>
<!-- Generated by org.testng.reporters.JUnitReportReporter -->
<testsuite hostname="Vj" failures="0" tests="1" name="automation_challenge.Test_5" time="4.163" errors="0" timestamp="2024-07-03T15:09:59 IST" skipped="0">
  <testcase classname="automation_challenge.Test_5" name="test_5" time="4.163"/>
  <system-out>
    <![CDATA[Success message is displayed-->You clicked a button!
Button is disabled]]>
  </system-out>
</testsuite> <!-- automation_challenge.Test_5 -->
