<?xml version="1.0" encoding="UTF-8"?>
<!-- Generated by org.testng.reporters.JUnitReportReporter -->
<testsuite hostname="Vj" failures="0" tests="1" name="automation_challenge.Test_3" time="2.257" errors="0" timestamp="2024-07-03T15:09:59 IST" skipped="0">
  <testcase classname="automation_challenge.Test_3" name="test_3" time="2.257"/>
  <system-out>
    <![CDATA[OPTION 1 IS SELECTED DEFAULTLY
Option 3 selected]]>
  </system-out>
</testsuite> <!-- automation_challenge.Test_3 -->
