<?xml version="1.0" encoding="UTF-8"?>
<!-- Generated by org.testng.reporters.JUnitReportReporter -->
<testsuite hostname="Vj" failures="0" tests="1" name="automation_challenge.Test_1" time="1.164" errors="0" timestamp="2024-07-03T15:09:59 IST" skipped="0">
  <testcase classname="automation_challenge.Test_1" name="test_1" time="1.164"/>
  <system-out/>
</testsuite> <!-- automation_challenge.Test_1 -->
