<?xml version="1.0" encoding="UTF-8"?>
<!-- Generated by org.testng.reporters.JUnitReportReporter -->
<testsuite hostname="Vj" failures="0" tests="1" name="automation_challenge.Test_6" time="0.103" errors="0" timestamp="2024-07-03T15:09:59 IST" skipped="0">
  <testcase classname="automation_challenge.Test_6" name="test_6" time="0.103"/>
  <system-out>
    <![CDATA[First Name Last Name App Name
Value of the cell is Ventosanzap]]>
  </system-out>
</testsuite> <!-- automation_challenge.Test_6 -->
